<?xml version="1.0" encoding="UTF-8"?>
<testsuite xmlns:xsi="http://www.w3.org/2001/XMLSchema-instance" xsi:noNamespaceSchemaLocation="https://maven.apache.org/surefire/maven-surefire-plugin/xsd/surefire-test-report.xsd" name="com.svb.qa.MyRunner.TestRunner" time="59.183" tests="11" errors="0" skipped="0" failures="0">
  <properties>
[...]
</properties>
  <testcase name="Given invest cloud logn page url" classname="Scenario: Check Login with valid credentials" time="0.004"/>
  <testcase name="When user enter username and password" classname="Scenario: Check Login with valid credentials" time="0"/>
  <testcase name="And Clicks on login button" classname="Scenario: Check Login with valid credentials" time="0"/>
  <testcase name="Then user is navigated to home page" classname="Scenario: Check Login with valid credentials" time="0.001"/>
  <testcase name="And Close the browser" classname="Scenario: Check Login with valid credentials" time="0"/>
  <testcase name="Scenario: Check Login with valid credentials" classname="Scenario: Check Login with valid credentials" time="0"/>
  <testcase name="Given invest cloud logn page url" classname="Scenario: Check Login with invalid credentials" time="0.001"/>
  <testcase name="When enter invalid username and password" classname="Scenario: Check Login with invalid credentials" time="0"/>
  <testcase name="And Clicks on login button" classname="Scenario: Check Login with invalid credentials" time="0"/>
  <testcase name="Then user  get error message" classname="Scenario: Check Login with invalid credentials" time="0"/>
  <testcase name="Scenario: Check Login with invalid credentials" classname="Scenario: Check Login with invalid credentials" time="0.001"/>
</testsuite>