<?xml version="1.0" encoding="UTF-8"?>
<testng-results ignored="0" total="1" passed="1" failed="0" skipped="0">
  <reporter-output>
  </reporter-output>
  <suite started-at="2020-08-31T19:42:25Z" name="Invest Cloud Test Suite" finished-at="2020-08-31T19:43:01Z" duration-ms="36384">
    <groups>
      <group name="cucumber">
        <method signature="TestRunner.feature(cucumber.api.testng.CucumberFeatureWrapper)[pri:0, instance:com.svb.ic.myRunner.TestRunner@606e4010]" name="feature" class="com.svb.ic.myRunner.TestRunner"/>
      </group> <!-- cucumber -->
    </groups>
    <test started-at="2020-08-31T19:42:25Z" name="Test Invest Cloud" finished-at="2020-08-31T19:43:01Z" duration-ms="36384">
      <class name="com.svb.ic.myRunner.TestRunner">
        <test-method is-config="true" signature="setUpClass()[pri:0, instance:com.svb.ic.myRunner.TestRunner@606e4010]" started-at="2020-08-31T12:42:25Z" name="setUpClass" finished-at="2020-08-31T12:42:25Z" duration-ms="230" status="PASS">
          <reporter-output>
          </reporter-output>
        </test-method> <!-- setUpClass -->
        <test-method signature="feature(cucumber.api.testng.CucumberFeatureWrapper)[pri:0, instance:com.svb.ic.myRunner.TestRunner@606e4010]" started-at="2020-08-31T12:42:25Z" name="feature" description="Runs Cucumber Feature" data-provider="features" finished-at="2020-08-31T12:43:01Z" duration-ms="35967" status="PASS">
          <params>
            <param index="0">
              <value>
                <![CDATA[Test Login Functionality]]>
              </value>
            </param>
          </params>
          <reporter-output>
          </reporter-output>
        </test-method> <!-- feature -->
        <test-method is-config="true" signature="teatDownClass()[pri:0, instance:com.svb.ic.myRunner.TestRunner@606e4010]" started-at="2020-08-31T12:43:01Z" name="teatDownClass" finished-at="2020-08-31T12:43:01Z" duration-ms="108" status="PASS">
          <reporter-output>
          </reporter-output>
        </test-method> <!-- teatDownClass -->
      </class> <!-- com.svb.ic.myRunner.TestRunner -->
    </test> <!-- Test Invest Cloud -->
  </suite> <!-- Invest Cloud Test Suite -->
</testng-results>
