<?xml version="1.0" encoding="UTF-8"?>
<!-- Generated by org.testng.reporters.JUnitXMLReporter -->
<testsuite ignored="0" hostname="L-HPLZ633" failures="1" tests="1" name="Test Invest Cloud" time="23.987" errors="0" timestamp="17 Aug 2020 17:09:30 GMT">
  <testcase classname="com.svb.qa.MyRunner.TestRunner" name="feature" time="23.554">
    <failure type="cucumber.runtime.CucumberException" message="java.lang.NullPointerException">
      <![CDATA[cucumber.runtime.CucumberException: java.lang.NullPointerException
	at cucumber.api.testng.TestNGCucumberRunner.runCucumber(TestNGCucumberRunner.java:69)
	at com.svb.qa.MyRunner.TestRunner.feature(TestRunner.java:38)
	at java.base/java.util.concurrent.FutureTask.run(FutureTask.java:264)
	at java.base/java.util.concurrent.ThreadPoolExecutor.runWorker(ThreadPoolExecutor.java:1128)
	at java.base/java.util.concurrent.ThreadPoolExecutor$Worker.run(ThreadPoolExecutor.java:628)
	at java.base/java.lang.Thread.run(Thread.java:835)
Caused by: java.lang.NullPointerException
	at org.openqa.selenium.support.pagefactory.internal.LocatingElementHandler.invoke(LocatingElementHandler.java:51)
	at com.sun.proxy.$Proxy25.sendKeys(Unknown Source)
	at com.svb.qa.pages.LoginPage.enterUserName(LoginPage.java:31)
	at stepDefinitions.LoginPF.user_enter_username_and_password(LoginPF.java:56)
	at ✽.When user enter username and password(Login.feature:9)
... Removed 17 stack frames]]>
    </failure>
  </testcase> <!-- feature -->
</testsuite> <!-- Test Invest Cloud -->
